::ffff:127.0.0.1 - - [01/Nov/2022:16:02:39 +0000] "POST /note HTTP/1.1" 200 41 "-" "Mozilla/5.0 (X11; Linux x86_64; rv:104.0) Gecko/20100101 Firefox/104.0"
::ffff:127.0.0.1 - - [01/Nov/2022:16:02:59 +0000] "POST /note HTTP/1.1" 200 47 "-" "Mozilla/5.0 (X11; Linux x86_64; rv:104.0) Gecko/20100101 Firefox/104.0"
::ffff:127.0.0.1 - - [01/Nov/2022:16:05:25 +0000] "POST /note HTTP/1.1" 200 47 "-" "Mozilla/5.0 (X11; Linux x86_64; rv:104.0) Gecko/20100101 Firefox/104.0"
::ffff:127.0.0.1 - - [01/Nov/2022:16:06:28 +0000] "POST /note HTTP/1.1" 200 47 "-" "Mozilla/5.0 (X11; Linux x86_64; rv:104.0) Gecko/20100101 Firefox/104.0"
::ffff:127.0.0.1 - - [01/Nov/2022:16:08:24 +0000] "POST /note HTTP/1.1" 200 43 "-" "Mozilla/5.0 (X11; Linux x86_64; rv:104.0) Gecko/20100101 Firefox/104.0"
::1 - - [02/Nov/2022:06:10:39 +0000] "POST /note HTTP/1.1" 200 39 "-" "PostmanRuntime/7.29.2"
::1 - - [02/Nov/2022:06:13:57 +0000] "POST /note HTTP/1.1" 200 166 "-" "PostmanRuntime/7.29.2"
::1 - - [02/Nov/2022:06:19:12 +0000] "POST /note HTTP/1.1" 200 507 "-" "PostmanRuntime/7.29.2"
::1 - - [02/Nov/2022:06:27:29 +0000] "GET /note HTTP/1.1" 200 840 "-" "PostmanRuntime/7.29.2"
::1 - - [02/Nov/2022:06:28:55 +0000] "GET /note HTTP/1.1" 200 675 "-" "PostmanRuntime/7.29.2"
::1 - - [02/Nov/2022:06:29:11 +0000] "GET /note HTTP/1.1" 200 635 "-" "PostmanRuntime/7.29.2"
::1 - - [02/Nov/2022:06:37:26 +0000] "PUT /updatenote HTTP/1.1" 200 158 "-" "PostmanRuntime/7.29.2"
::1 - - [02/Nov/2022:06:41:16 +0000] "DELETE /deletenote HTTP/1.1" 200 38 "-" "PostmanRuntime/7.29.2"
::1 - - [02/Nov/2022:07:20:53 +0000] "PUT /updatenote/2 HTTP/1.1" 500 50 "-" "PostmanRuntime/7.29.2"
::1 - - [02/Nov/2022:07:21:03 +0000] "PUT /updatenote/2 HTTP/1.1" 500 50 "-" "PostmanRuntime/7.29.2"
::1 - - [02/Nov/2022:07:21:44 +0000] "PUT /updatenote/2 HTTP/1.1" 500 50 "-" "PostmanRuntime/7.29.2"
::1 - - [02/Nov/2022:07:21:48 +0000] "PUT /updatenote/2 HTTP/1.1" 500 50 "-" "PostmanRuntime/7.29.2"
::1 - - [02/Nov/2022:07:22:16 +0000] "GET /getnote HTTP/1.1" 500 50 "-" "PostmanRuntime/7.29.2"
::1 - - [02/Nov/2022:07:22:19 +0000] "GET /getnote HTTP/1.1" 500 50 "-" "PostmanRuntime/7.29.2"
::1 - - [02/Nov/2022:07:23:04 +0000] "GET /getnote HTTP/1.1" 200 510 "-" "PostmanRuntime/7.29.2"
::1 - - [02/Nov/2022:07:23:16 +0000] "GET /getnote HTTP/1.1" 500 1483 "-" "PostmanRuntime/7.29.2"
::1 - - [02/Nov/2022:07:23:33 +0000] "GET /getnote HTTP/1.1" 500 1512 "-" "PostmanRuntime/7.29.2"
::1 - - [02/Nov/2022:07:25:26 +0000] "GET /getnote HTTP/1.1" 200 510 "-" "PostmanRuntime/7.29.2"
::1 - - [02/Nov/2022:07:26:09 +0000] "PUT /updatenote/2 HTTP/1.1" 200 158 "-" "PostmanRuntime/7.29.2"
::1 - - [02/Nov/2022:07:27:28 +0000] "PUT /updatenote/2 HTTP/1.1" 200 158 "-" "PostmanRuntime/7.29.2"
::1 - - [02/Nov/2022:07:27:33 +0000] "PUT /upda HTTP/1.1" 404 143 "-" "PostmanRuntime/7.29.2"
::1 - - [02/Nov/2022:07:28:33 +0000] "PUT /updatenote/2 HTTP/1.1" 200 158 "-" "PostmanRuntime/7.29.2"
::1 - - [02/Nov/2022:07:28:52 +0000] "PUT /not HTTP/1.1" 404 142 "-" "PostmanRuntime/7.29.2"
::ffff:127.0.0.1 - - [02/Nov/2022:08:20:08 +0000] "POST /addnote HTTP/1.1" 201 200 "-" "Mozilla/5.0 (X11; Linux x86_64; rv:104.0) Gecko/20100101 Firefox/104.0"
::1 - - [02/Nov/2022:08:22:01 +0000] "GET /getnotes HTTP/1.1" 404 147 "-" "PostmanRuntime/7.29.2"
::1 - - [02/Nov/2022:08:22:19 +0000] "GET /getnote HTTP/1.1" 200 671 "-" "PostmanRuntime/7.29.2"
::1 - - [02/Nov/2022:08:22:48 +0000] "DELETE /deletenote/2 HTTP/1.1" 200 62 "-" "PostmanRuntime/7.29.2"
::1 - - [02/Nov/2022:08:23:53 +0000] "DELETE /deletenote/2 HTTP/1.1" 200 54 "-" "PostmanRuntime/7.29.2"
::1 - - [02/Nov/2022:08:27:38 +0000] "PUT /updatenote HTTP/1.1" 404 9 "-" "PostmanRuntime/7.29.2"
::1 - - [02/Nov/2022:08:28:29 +0000] "PUT /updatenote HTTP/1.1" 404 9 "-" "PostmanRuntime/7.29.2"
::1 - - [02/Nov/2022:08:28:54 +0000] "PUT /updatenote HTTP/1.1" 404 50 "-" "PostmanRuntime/7.29.2"
::1 - - [02/Nov/2022:08:30:03 +0000] "PUT /updatenote/4 HTTP/1.1" 404 50 "-" "PostmanRuntime/7.29.2"
::1 - - [02/Nov/2022:08:30:06 +0000] "PUT /updatenote/4 HTTP/1.1" 404 50 "-" "PostmanRuntime/7.29.2"
::1 - - [02/Nov/2022:08:30:35 +0000] "PUT /updatenote/4 HTTP/1.1" 404 50 "-" "PostmanRuntime/7.29.2"
::1 - - [02/Nov/2022:08:31:17 +0000] "PUT /updatenote/9 HTTP/1.1" 404 50 "-" "PostmanRuntime/7.29.2"
::1 - - [02/Nov/2022:09:23:57 +0000] "PUT /updatenote/5 HTTP/1.1" 404 50 "-" "PostmanRuntime/7.29.2"
::1 - - [02/Nov/2022:09:24:29 +0000] "PUT /updatenote/5 HTTP/1.1" 404 50 "-" "PostmanRuntime/7.29.2"
::1 - - [02/Nov/2022:09:25:13 +0000] "PUT /updatenote/5 HTTP/1.1" 200 203 "-" "PostmanRuntime/7.29.2"
::1 - - [02/Nov/2022:09:55:02 +0000] "GET /getnote/5 HTTP/1.1" 404 9 "-" "PostmanRuntime/7.29.2"
::1 - - [02/Nov/2022:09:56:00 +0000] "GET /getnote/5 HTTP/1.1" 404 50 "-" "PostmanRuntime/7.29.2"
::1 - - [02/Nov/2022:09:57:57 +0000] "GET /getnote/5 HTTP/1.1" 200 174 "-" "PostmanRuntime/7.29.2"
::1 - - [02/Nov/2022:10:08:04 +0000] "GET /getnote/5 HTTP/1.1" 200 174 "-" "PostmanRuntime/7.29.2"
::1 - - [02/Nov/2022:10:18:09 +0000] "GET /getnote/5 HTTP/1.1" 200 174 "-" "PostmanRuntime/7.29.2"
::1 - - [02/Nov/2022:10:19:24 +0000] "GET /getnote/5 HTTP/1.1" 200 174 "-" "PostmanRuntime/7.29.2"
::1 - - [02/Nov/2022:10:19:29 +0000] "GET /getnote HTTP/1.1" 200 551 "-" "PostmanRuntime/7.29.2"
::1 - - [02/Nov/2022:10:20:23 +0000] "GET /getnote/5 HTTP/1.1" 200 174 "-" "PostmanRuntime/7.29.2"
::ffff:127.0.0.1 - - [02/Nov/2022:11:44:34 +0000] "GET / HTTP/1.1" 500 1510 "-" "Mozilla/5.0 (X11; Linux x86_64; rv:104.0) Gecko/20100101 Firefox/104.0"
::ffff:127.0.0.1 - - [02/Nov/2022:11:45:01 +0000] "GET / HTTP/1.1" 500 1510 "-" "Mozilla/5.0 (X11; Linux x86_64; rv:104.0) Gecko/20100101 Firefox/104.0"
::ffff:127.0.0.1 - - [02/Nov/2022:11:45:09 +0000] "GET / HTTP/1.1" 500 1509 "-" "Mozilla/5.0 (X11; Linux x86_64; rv:104.0) Gecko/20100101 Firefox/104.0"
